<?xml version="1.0" encoding="UTF-8"?>
<!-- Generated by org.testng.reporters.JUnitXMLReporter -->
<testsuite ignored="0" hostname="W2027491" failures="0" tests="4" name="Test" time="6.006" errors="0" timestamp="2024-01-05T17:14:37 IST">
  <testcase classname="NumberEight.CreateUser" name="testCreateUser" time="4.667"/>
  <testcase classname="NumberEight.GetUser" name="testGetUser" time="0.435"/>
  <testcase classname="NumberEight.UpdateUser" name="test_updateuser" time="0.448"/>
  <testcase classname="NumberEight.DeleteUser" name="deleteuser" time="0.397"/>
</testsuite> <!-- Test -->
