<?xml version="1.0" encoding="UTF-8"?>
<testng-results ignored="0" total="1" passed="1" failed="0" skipped="0">
  <reporter-output>
  </reporter-output>
  <suite started-at="2024-01-14T15:37:27 IST" name="Default suite" finished-at="2024-01-14T15:37:29 IST" duration-ms="2209">
    <groups>
    </groups>
    <test started-at="2024-01-14T15:37:27 IST" name="Default test" finished-at="2024-01-14T15:37:29 IST" duration-ms="2209">
      <class name="NumberOne.HTTPRequest">
        <test-method signature="getUser()[pri:1, instance:NumberOne.HTTPRequest@36916eb0]" started-at="2024-01-14T15:37:27 IST" name="getUser" finished-at="2024-01-14T15:37:29 IST" duration-ms="2128" status="PASS">
          <reporter-output>
          </reporter-output>
        </test-method> <!-- getUser -->
      </class> <!-- NumberOne.HTTPRequest -->
    </test> <!-- Default test -->
  </suite> <!-- Default suite -->
</testng-results>
